<?xml version="1.0" encoding="UTF-8"?>
<robot generator="Robot 4.1.3 (Python 3.8.5 on win32)" generated="20220123 23:59:09.478" rpa="false" schemaversion="2">
<suite id="s1" name="TestCases" source="D:\FrameworksRobustness\WinstonCastilloStore\TestCases">
<suite id="s1-s1" name="001 Automation" source="D:\FrameworksRobustness\WinstonCastilloStore\TestCases\001_automation.robot">
<test id="s1-s1-t1" name="0001 Opening the website">
<kw name="Open Browser" library="SeleniumLibrary">
<arg>https://winstoncastillo.com/robot-selenium/</arg>
<arg>chrome</arg>
<doc>Opens a new browser instance to the optional ``url``.</doc>
<msg timestamp="20220123 23:59:09.844" level="INFO">Opening browser 'chrome' to base url 'https://winstoncastillo.com/robot-selenium/'.</msg>
<status status="PASS" starttime="20220123 23:59:09.844" endtime="20220123 23:59:13.266"/>
</kw>
<kw name="Verify Homepage Title" library="HomePage">
<kw name="Title Should Be" library="SeleniumLibrary">
<arg>La tienda de Winston Castillo</arg>
<doc>Verifies that the current page title equals ``title``.</doc>
<msg timestamp="20220123 23:59:13.271" level="INFO">Page title is 'La tienda de Winston Castillo'.</msg>
<status status="PASS" starttime="20220123 23:59:13.267" endtime="20220123 23:59:13.271"/>
</kw>
<status status="PASS" starttime="20220123 23:59:13.266" endtime="20220123 23:59:13.272"/>
</kw>
<kw name="Click on Contact" library="HomePage">
<kw name="Set Focus To Element" library="SeleniumLibrary">
<arg>${contactUsLink}</arg>
<doc>Sets the focus to the element identified by ``locator``.</doc>
<status status="PASS" starttime="20220123 23:59:13.273" endtime="20220123 23:59:13.353"/>
</kw>
<kw name="Click Element" library="SeleniumLibrary">
<arg>${contactUsLink}</arg>
<doc>Click the element identified by ``locator``.</doc>
<msg timestamp="20220123 23:59:13.354" level="INFO">Clicking element 'link:Contact Us'.</msg>
<status status="PASS" starttime="20220123 23:59:13.353" endtime="20220123 23:59:13.708"/>
</kw>
<status status="PASS" starttime="20220123 23:59:13.272" endtime="20220123 23:59:13.708"/>
</kw>
<tag>Smoke</tag>
<status status="PASS" starttime="20220123 23:59:09.843" endtime="20220123 23:59:13.709"/>
</test>
<test id="s1-s1-t2" name="002 Sending User Information">
<kw name="Verify Contact Title" library="ContactUsPage">
<kw name="Title Should Be" library="SeleniumLibrary">
<arg>Contact Us</arg>
<doc>Verifies that the current page title equals ``title``.</doc>
<msg timestamp="20220123 23:59:13.725" level="INFO">Page title is 'Contact Us'.</msg>
<status status="PASS" starttime="20220123 23:59:13.715" endtime="20220123 23:59:13.725"/>
</kw>
<status status="PASS" starttime="20220123 23:59:13.714" endtime="20220123 23:59:13.725"/>
</kw>
<kw name="Set Focus on Username Field" library="ContactUsPage">
<kw name="Set Focus To Element" library="SeleniumLibrary">
<arg>${userNameField}</arg>
<doc>Sets the focus to the element identified by ``locator``.</doc>
<status status="PASS" starttime="20220123 23:59:13.726" endtime="20220123 23:59:13.748"/>
</kw>
<status status="PASS" starttime="20220123 23:59:13.725" endtime="20220123 23:59:13.749"/>
</kw>
<kw name="Type Name" library="ContactUsPage">
<kw name="Input Text" library="SeleniumLibrary">
<arg>${userNameField}</arg>
<arg>First Name</arg>
<doc>Types the given ``text`` into the text field identified by ``locator``.</doc>
<msg timestamp="20220123 23:59:13.750" level="INFO">Typing text 'First Name' into text field 'input-name'.</msg>
<status status="PASS" starttime="20220123 23:59:13.750" endtime="20220123 23:59:13.898"/>
</kw>
<status status="PASS" starttime="20220123 23:59:13.749" endtime="20220123 23:59:13.898"/>
</kw>
<kw name="Type Email" library="ContactUsPage">
<kw name="Input Text" library="SeleniumLibrary">
<arg>${userEmailField}</arg>
<arg>email@email.com</arg>
<doc>Types the given ``text`` into the text field identified by ``locator``.</doc>
<msg timestamp="20220123 23:59:13.900" level="INFO">Typing text 'email@email.com' into text field 'input-email'.</msg>
<status status="PASS" starttime="20220123 23:59:13.900" endtime="20220123 23:59:14.107"/>
</kw>
<status status="PASS" starttime="20220123 23:59:13.899" endtime="20220123 23:59:14.108"/>
</kw>
<kw name="Type Enquiry" library="ContactUsPage">
<kw name="Input Text" library="SeleniumLibrary">
<arg>${enquiryField}</arg>
<arg>Here is the text major to 10 chars I want to send</arg>
<doc>Types the given ``text`` into the text field identified by ``locator``.</doc>
<msg timestamp="20220123 23:59:14.112" level="INFO">Typing text 'Here is the text major to 10 chars I want to send' into text field 'input-enquiry'.</msg>
<status status="PASS" starttime="20220123 23:59:14.111" endtime="20220123 23:59:14.345"/>
</kw>
<status status="PASS" starttime="20220123 23:59:14.110" endtime="20220123 23:59:14.345"/>
</kw>
<kw name="Take Picture" library="ContactUsPage">
<kw name="Capture Page Screenshot" library="SeleniumLibrary">
<doc>Takes a screenshot of the current page and embeds it into a log file.</doc>
<msg timestamp="20220123 23:59:14.687" level="INFO" html="true">&lt;/td&gt;&lt;/tr&gt;&lt;tr&gt;&lt;td colspan="3"&gt;&lt;a href="selenium-screenshot-4.png"&gt;&lt;img src="selenium-screenshot-4.png" width="800px"&gt;&lt;/a&gt;</msg>
<status status="PASS" starttime="20220123 23:59:14.346" endtime="20220123 23:59:14.687"/>
</kw>
<status status="PASS" starttime="20220123 23:59:14.345" endtime="20220123 23:59:14.687"/>
</kw>
<kw name="Send Information" library="ContactUsPage">
<kw name="Click Element" library="SeleniumLibrary">
<arg>${submitButton}</arg>
<doc>Click the element identified by ``locator``.</doc>
<msg timestamp="20220123 23:59:14.688" level="INFO">Clicking element 'xpath://*[@id="content"]/form/div/div/input'.</msg>
<status status="PASS" starttime="20220123 23:59:14.688" endtime="20220123 23:59:15.341"/>
</kw>
<status status="PASS" starttime="20220123 23:59:14.688" endtime="20220123 23:59:15.341"/>
</kw>
<kw name="Close Browser" library="SeleniumLibrary">
<doc>Closes the current browser.</doc>
<status status="PASS" starttime="20220123 23:59:15.343" endtime="20220123 23:59:17.706"/>
</kw>
<status status="PASS" starttime="20220123 23:59:13.711" endtime="20220123 23:59:17.707"/>
</test>
<doc>This is my first automation of the video class</doc>
<status status="PASS" starttime="20220123 23:59:09.522" endtime="20220123 23:59:17.711"/>
</suite>
<status status="PASS" starttime="20220123 23:59:09.481" endtime="20220123 23:59:17.723"/>
</suite>
<statistics>
<total>
<stat pass="2" fail="0" skip="0">All Tests</stat>
</total>
<tag>
<stat pass="1" fail="0" skip="0">Smoke</stat>
</tag>
<suite>
<stat pass="2" fail="0" skip="0" id="s1" name="TestCases">TestCases</stat>
<stat pass="2" fail="0" skip="0" id="s1-s1" name="001 Automation">TestCases.001 Automation</stat>
</suite>
</statistics>
<errors>
</errors>
</robot>
