<?xml version="1.0" encoding="UTF-8"?>
<robot generator="Robot 4.1.3 (Python 3.8.5 on win32)" generated="20220123 22:48:59.671" rpa="false" schemaversion="2">
<suite id="s1" name="001 Automation" source="D:\FrameworksRobustness\WinstonCastilloStore\001_automation.robot">
<test id="s1-t1" name="0001 Opening the website">
<kw name="Open Browser" library="SeleniumLibrary">
<arg>https://winstoncastillo.com/robot-selenium/</arg>
<arg>chrome</arg>
<doc>Opens a new browser instance to the optional ``url``.</doc>
<msg timestamp="20220123 22:48:59.990" level="INFO">Opening browser 'chrome' to base url 'https://winstoncastillo.com/robot-selenium/'.</msg>
<status status="PASS" starttime="20220123 22:48:59.990" endtime="20220123 22:49:03.388"/>
</kw>
<kw name="Title Should Be" library="SeleniumLibrary">
<arg>La tienda de Winston Castillo</arg>
<doc>Verifies that the current page title equals ``title``.</doc>
<msg timestamp="20220123 22:49:03.395" level="INFO">Page title is 'La tienda de Winston Castillo'.</msg>
<status status="PASS" starttime="20220123 22:49:03.389" endtime="20220123 22:49:03.395"/>
</kw>
<kw name="Set Focus To Element" library="SeleniumLibrary">
<arg>link:Contact Us</arg>
<doc>Sets the focus to the element identified by ``locator``.</doc>
<status status="PASS" starttime="20220123 22:49:03.396" endtime="20220123 22:49:03.455"/>
</kw>
<kw name="Click Element" library="SeleniumLibrary">
<arg>link:Contact Us</arg>
<doc>Click the element identified by ``locator``.</doc>
<msg timestamp="20220123 22:49:03.456" level="INFO">Clicking element 'link:Contact Us'.</msg>
<status status="PASS" starttime="20220123 22:49:03.456" endtime="20220123 22:49:03.796"/>
</kw>
<tag>Smoke</tag>
<status status="PASS" starttime="20220123 22:48:59.989" endtime="20220123 22:49:03.797"/>
</test>
<test id="s1-t2" name="002 Sending User Information">
<kw name="Title Should Be" library="SeleniumLibrary">
<arg>Contact Us</arg>
<doc>Verifies that the current page title equals ``title``.</doc>
<msg timestamp="20220123 22:49:03.806" level="INFO">Page title is 'Contact Us'.</msg>
<status status="PASS" starttime="20220123 22:49:03.801" endtime="20220123 22:49:03.806"/>
</kw>
<kw name="Set Focus To Element" library="SeleniumLibrary">
<arg>input-name</arg>
<doc>Sets the focus to the element identified by ``locator``.</doc>
<status status="PASS" starttime="20220123 22:49:03.806" endtime="20220123 22:49:03.837"/>
</kw>
<kw name="Input Text" library="SeleniumLibrary">
<arg>input-name</arg>
<arg>First Name</arg>
<doc>Types the given ``text`` into the text field identified by ``locator``.</doc>
<msg timestamp="20220123 22:49:03.838" level="INFO">Typing text 'First Name' into text field 'input-name'.</msg>
<status status="PASS" starttime="20220123 22:49:03.838" endtime="20220123 22:49:03.965"/>
</kw>
<kw name="Input Text" library="SeleniumLibrary">
<arg>input-email</arg>
<arg>email@email.com</arg>
<doc>Types the given ``text`` into the text field identified by ``locator``.</doc>
<msg timestamp="20220123 22:49:03.965" level="INFO">Typing text 'email@email.com' into text field 'input-email'.</msg>
<status status="PASS" starttime="20220123 22:49:03.965" endtime="20220123 22:49:04.133"/>
</kw>
<kw name="Input Text" library="SeleniumLibrary">
<arg>input-enquiry</arg>
<arg>Here is the text major to 10 chars I want to send</arg>
<doc>Types the given ``text`` into the text field identified by ``locator``.</doc>
<msg timestamp="20220123 22:49:04.135" level="INFO">Typing text 'Here is the text major to 10 chars I want to send' into text field 'input-enquiry'.</msg>
<status status="PASS" starttime="20220123 22:49:04.134" endtime="20220123 22:49:04.379"/>
</kw>
<kw name="Capture Page Screenshot" library="SeleniumLibrary">
<doc>Takes a screenshot of the current page and embeds it into a log file.</doc>
<msg timestamp="20220123 22:49:04.836" level="INFO" html="true">&lt;/td&gt;&lt;/tr&gt;&lt;tr&gt;&lt;td colspan="3"&gt;&lt;a href="selenium-screenshot-1.png"&gt;&lt;img src="selenium-screenshot-1.png" width="800px"&gt;&lt;/a&gt;</msg>
<status status="PASS" starttime="20220123 22:49:04.379" endtime="20220123 22:49:04.836"/>
</kw>
<kw name="Click Element" library="SeleniumLibrary">
<arg>xpath://*[@id="content"]/form/div/div/input</arg>
<doc>Click the element identified by ``locator``.</doc>
<msg timestamp="20220123 22:49:04.837" level="INFO">Clicking element 'xpath://*[@id="content"]/form/div/div/input'.</msg>
<status status="PASS" starttime="20220123 22:49:04.837" endtime="20220123 22:49:05.483"/>
</kw>
<kw name="Close Browser" library="SeleniumLibrary">
<doc>Closes the current browser.</doc>
<status status="PASS" starttime="20220123 22:49:05.485" endtime="20220123 22:49:07.838"/>
</kw>
<status status="PASS" starttime="20220123 22:49:03.800" endtime="20220123 22:49:07.841"/>
</test>
<doc>This is my first automation of the video class</doc>
<status status="PASS" starttime="20220123 22:48:59.674" endtime="20220123 22:49:07.846"/>
</suite>
<statistics>
<total>
<stat pass="2" fail="0" skip="0">All Tests</stat>
</total>
<tag>
<stat pass="1" fail="0" skip="0">Smoke</stat>
</tag>
<suite>
<stat pass="2" fail="0" skip="0" id="s1" name="001 Automation">001 Automation</stat>
</suite>
</statistics>
<errors>
</errors>
</robot>
